<?xml version="1.0" encoding="UTF-8"?>
<!-- Generated by org.testng.reporters.JUnitXMLReporter -->
<testsuite hostname="Desta" ignored="0" name="Test" tests="10" failures="8" timestamp="2022-08-04T18:58:54 ICT" time="34.0" errors="0">
  <testcase name="runScenario" time="10.338" classname="io.cucumber.testng.AbstractTestNGCucumberTests"/>
  <testcase name="runScenario" time="7.603" classname="io.cucumber.testng.AbstractTestNGCucumberTests"/>
  <testcase name="runScenario" time="7.756" classname="io.cucumber.testng.AbstractTestNGCucumberTests">
    <failure type="java.lang.AssertionError" message="expected [Username atau password tidak ditemukan atau akun anda tidak aktif] but found [Welcome to Tele Kita]">
      <![CDATA[java.lang.AssertionError: expected [Username atau password tidak ditemukan atau akun anda tidak aktif] but found [Welcome to Tele Kita]
at definitionLogin.Login.user_get_alert_notification(Login.java:71)
at ✽.User get alert or notification "Username atau password tidak ditemukan atau akun anda tidak aktif"(file:///C:/Users/ASUS/Desktop/Quality%20Assurance/SQA%20Project/SQA-KerjaPraktek/src/test/resources/LoginFeatureFiles/login.feature:15)
... Removed 5 stack frames]]>
    </failure>
  </testcase> <!-- runScenario -->
  <testcase name="runScenario" time="7.351" classname="io.cucumber.testng.AbstractTestNGCucumberTests">
    <failure type="java.lang.AssertionError" message="expected [Username atau password tidak ditemukan atau akun anda tidak aktif] but found [Welcome to Tele Kita]">
      <![CDATA[java.lang.AssertionError: expected [Username atau password tidak ditemukan atau akun anda tidak aktif] but found [Welcome to Tele Kita]
at definitionLogin.Login.user_get_alert_notification(Login.java:71)
at ✽.User get alert or notification "Username atau password tidak ditemukan atau akun anda tidak aktif"(file:///C:/Users/ASUS/Desktop/Quality%20Assurance/SQA%20Project/SQA-KerjaPraktek/src/test/resources/LoginFeatureFiles/login.feature:15)
... Removed 5 stack frames]]>
    </failure>
  </testcase> <!-- runScenario -->
  <testcase name="runScenario" time="0.021" classname="io.cucumber.testng.AbstractTestNGCucumberTests">
    <failure type="io.cucumber.core.runner.DuplicateStepDefinitionException" message="Duplicate step definitions in definitionData.DistributeData.user_login_with_valid_username_and_password(java.lang.String,java.lang.String) and definitionData.UploadData.user_login_with_valid_username_and_password(java.lang.String,java.lang.String)">
      <![CDATA[io.cucumber.core.runner.DuplicateStepDefinitionException: Duplicate step definitions in definitionData.DistributeData.user_login_with_valid_username_and_password(java.lang.String,java.lang.String) and definitionData.UploadData.user_login_with_valid_username_and_password(java.lang.String,java.lang.String)
at io.cucumber.core.runner.CachingGlue.lambda$prepareGlue$4(CachingGlue.java:218)
at java.util.ArrayList.forEach(ArrayList.java:1259)
at io.cucumber.core.runner.CachingGlue.prepareGlue(CachingGlue.java:214)
at io.cucumber.core.runner.Runner.runPickle(Runner.java:64)
at io.cucumber.testng.TestNGCucumberRunner.runScenario(TestNGCucumberRunner.java:124)
at io.cucumber.testng.AbstractTestNGCucumberTests.runScenario(AbstractTestNGCucumberTests.java:29)
at java.util.ArrayList.forEach(ArrayList.java:1259)
... Removed 27 stack frames]]>
    </failure>
  </testcase> <!-- runScenario -->
  <testcase name="runScenario" time="0.006" classname="io.cucumber.testng.AbstractTestNGCucumberTests">
    <failure type="io.cucumber.core.runner.DuplicateStepDefinitionException" message="Duplicate step definitions in definitionData.DistributeData.user_login_with_valid_username_and_password(java.lang.String,java.lang.String) and definitionData.UploadData.user_login_with_valid_username_and_password(java.lang.String,java.lang.String)">
      <![CDATA[io.cucumber.core.runner.DuplicateStepDefinitionException: Duplicate step definitions in definitionData.DistributeData.user_login_with_valid_username_and_password(java.lang.String,java.lang.String) and definitionData.UploadData.user_login_with_valid_username_and_password(java.lang.String,java.lang.String)
at io.cucumber.core.runner.CachingGlue.lambda$prepareGlue$4(CachingGlue.java:218)
at java.util.ArrayList.forEach(ArrayList.java:1259)
at io.cucumber.core.runner.CachingGlue.prepareGlue(CachingGlue.java:214)
at io.cucumber.core.runner.Runner.runPickle(Runner.java:64)
at io.cucumber.testng.TestNGCucumberRunner.runScenario(TestNGCucumberRunner.java:124)
at io.cucumber.testng.AbstractTestNGCucumberTests.runScenario(AbstractTestNGCucumberTests.java:29)
at java.util.ArrayList.forEach(ArrayList.java:1259)
... Removed 27 stack frames]]>
    </failure>
  </testcase> <!-- runScenario -->
  <testcase name="runScenario" time="0.017" classname="io.cucumber.testng.AbstractTestNGCucumberTests">
    <failure type="io.cucumber.core.runner.DuplicateStepDefinitionException" message="Duplicate step definitions in definitionData.DistributeData.user_login_with_valid_username_and_password(java.lang.String,java.lang.String) and definitionData.UploadData.user_login_with_valid_username_and_password(java.lang.String,java.lang.String)">
      <![CDATA[io.cucumber.core.runner.DuplicateStepDefinitionException: Duplicate step definitions in definitionData.DistributeData.user_login_with_valid_username_and_password(java.lang.String,java.lang.String) and definitionData.UploadData.user_login_with_valid_username_and_password(java.lang.String,java.lang.String)
at io.cucumber.core.runner.CachingGlue.lambda$prepareGlue$4(CachingGlue.java:218)
at java.util.ArrayList.forEach(ArrayList.java:1259)
at io.cucumber.core.runner.CachingGlue.prepareGlue(CachingGlue.java:214)
at io.cucumber.core.runner.Runner.runPickle(Runner.java:64)
at io.cucumber.testng.TestNGCucumberRunner.runScenario(TestNGCucumberRunner.java:124)
at io.cucumber.testng.AbstractTestNGCucumberTests.runScenario(AbstractTestNGCucumberTests.java:29)
at java.util.ArrayList.forEach(ArrayList.java:1259)
... Removed 27 stack frames]]>
    </failure>
  </testcase> <!-- runScenario -->
  <testcase name="runScenario" time="0.006" classname="io.cucumber.testng.AbstractTestNGCucumberTests">
    <failure type="io.cucumber.core.runner.DuplicateStepDefinitionException" message="Duplicate step definitions in definitionData.DistributeData.user_login_with_valid_username_and_password(java.lang.String,java.lang.String) and definitionData.UploadData.user_login_with_valid_username_and_password(java.lang.String,java.lang.String)">
      <![CDATA[io.cucumber.core.runner.DuplicateStepDefinitionException: Duplicate step definitions in definitionData.DistributeData.user_login_with_valid_username_and_password(java.lang.String,java.lang.String) and definitionData.UploadData.user_login_with_valid_username_and_password(java.lang.String,java.lang.String)
at io.cucumber.core.runner.CachingGlue.lambda$prepareGlue$4(CachingGlue.java:218)
at java.util.ArrayList.forEach(ArrayList.java:1259)
at io.cucumber.core.runner.CachingGlue.prepareGlue(CachingGlue.java:214)
at io.cucumber.core.runner.Runner.runPickle(Runner.java:64)
at io.cucumber.testng.TestNGCucumberRunner.runScenario(TestNGCucumberRunner.java:124)
at io.cucumber.testng.AbstractTestNGCucumberTests.runScenario(AbstractTestNGCucumberTests.java:29)
at java.util.ArrayList.forEach(ArrayList.java:1259)
... Removed 27 stack frames]]>
    </failure>
  </testcase> <!-- runScenario -->
  <testcase name="runScenario" time="0.005" classname="io.cucumber.testng.AbstractTestNGCucumberTests">
    <failure type="io.cucumber.core.runner.DuplicateStepDefinitionException" message="Duplicate step definitions in definitionData.DistributeData.user_login_with_valid_username_and_password(java.lang.String,java.lang.String) and definitionData.UploadData.user_login_with_valid_username_and_password(java.lang.String,java.lang.String)">
      <![CDATA[io.cucumber.core.runner.DuplicateStepDefinitionException: Duplicate step definitions in definitionData.DistributeData.user_login_with_valid_username_and_password(java.lang.String,java.lang.String) and definitionData.UploadData.user_login_with_valid_username_and_password(java.lang.String,java.lang.String)
at io.cucumber.core.runner.CachingGlue.lambda$prepareGlue$4(CachingGlue.java:218)
at java.util.ArrayList.forEach(ArrayList.java:1259)
at io.cucumber.core.runner.CachingGlue.prepareGlue(CachingGlue.java:214)
at io.cucumber.core.runner.Runner.runPickle(Runner.java:64)
at io.cucumber.testng.TestNGCucumberRunner.runScenario(TestNGCucumberRunner.java:124)
at io.cucumber.testng.AbstractTestNGCucumberTests.runScenario(AbstractTestNGCucumberTests.java:29)
at java.util.ArrayList.forEach(ArrayList.java:1259)
... Removed 27 stack frames]]>
    </failure>
  </testcase> <!-- runScenario -->
  <testcase name="runScenario" time="0.004" classname="io.cucumber.testng.AbstractTestNGCucumberTests">
    <failure type="io.cucumber.core.runner.DuplicateStepDefinitionException" message="Duplicate step definitions in definitionData.DistributeData.user_login_with_valid_username_and_password(java.lang.String,java.lang.String) and definitionData.UploadData.user_login_with_valid_username_and_password(java.lang.String,java.lang.String)">
      <![CDATA[io.cucumber.core.runner.DuplicateStepDefinitionException: Duplicate step definitions in definitionData.DistributeData.user_login_with_valid_username_and_password(java.lang.String,java.lang.String) and definitionData.UploadData.user_login_with_valid_username_and_password(java.lang.String,java.lang.String)
at io.cucumber.core.runner.CachingGlue.lambda$prepareGlue$4(CachingGlue.java:218)
at java.util.ArrayList.forEach(ArrayList.java:1259)
at io.cucumber.core.runner.CachingGlue.prepareGlue(CachingGlue.java:214)
at io.cucumber.core.runner.Runner.runPickle(Runner.java:64)
at io.cucumber.testng.TestNGCucumberRunner.runScenario(TestNGCucumberRunner.java:124)
at io.cucumber.testng.AbstractTestNGCucumberTests.runScenario(AbstractTestNGCucumberTests.java:29)
at java.util.ArrayList.forEach(ArrayList.java:1259)
... Removed 27 stack frames]]>
    </failure>
  </testcase> <!-- runScenario -->
</testsuite> <!-- Test -->
