<?xml version="1.0" encoding="UTF-8"?>
<testng-results skipped="0" failed="1" ignored="0" total="1" passed="0">
  <reporter-output>
  </reporter-output>
  <suite name="Default suite" duration-ms="110" started-at="2022-07-27T11:43:56 ICT" finished-at="2022-07-27T11:43:56 ICT">
    <groups>
    </groups>
    <test name="Default test" duration-ms="110" started-at="2022-07-27T11:43:56 ICT" finished-at="2022-07-27T11:43:56 ICT">
      <class name="com.kitalulus.bookmarkLove">
        <test-method status="PASS" signature="setupDriver()[pri:0, instance:com.kitalulus.bookmarkLove@68bbe345]" name="setupDriver" is-config="true" duration-ms="14193" started-at="2022-07-27T11:43:42 ICT" finished-at="2022-07-27T11:43:56 ICT">
          <reporter-output>
          </reporter-output>
        </test-method> <!-- setupDriver -->
        <test-method status="FAIL" signature="bookmarkTest()[pri:0, instance:com.kitalulus.bookmarkLove@68bbe345]" name="bookmarkTest" duration-ms="38" started-at="2022-07-27T11:43:56 ICT" description="Test date 26-July-22" finished-at="2022-07-27T11:43:56 ICT">
          <exception class="java.lang.AssertionError">
            <message>
              <![CDATA[expected [true] but found [[[ChromeDriver: chrome on ANY (043d287088fefaeefc2cdae8634bb964)] -> xpath: //button[@class='BookmarkButton___StyledButton-sc-10f0at4-1 cpgooR']/img[@alt='bookmark active']]]]]>
            </message>
            <full-stacktrace>
              <![CDATA[java.lang.AssertionError: expected [true] but found [[[ChromeDriver: chrome on ANY (043d287088fefaeefc2cdae8634bb964)] -> xpath: //button[@class='BookmarkButton___StyledButton-sc-10f0at4-1 cpgooR']/img[@alt='bookmark active']]]
at org.testng.Assert.fail(Assert.java:97)
at org.testng.Assert.assertEqualsImpl(Assert.java:136)
at org.testng.Assert.assertEquals(Assert.java:118)
at org.testng.Assert.assertEquals(Assert.java:563)
at com.kitalulus.bookmarkLove.bookmarkTest(bookmarkLove.java:92)
at sun.reflect.NativeMethodAccessorImpl.invoke0(Native Method)
at sun.reflect.NativeMethodAccessorImpl.invoke(NativeMethodAccessorImpl.java:62)
at sun.reflect.DelegatingMethodAccessorImpl.invoke(DelegatingMethodAccessorImpl.java:43)
at java.lang.reflect.Method.invoke(Method.java:498)
at org.testng.internal.MethodInvocationHelper.invokeMethod(MethodInvocationHelper.java:134)
at org.testng.internal.TestInvoker.invokeMethod(TestInvoker.java:597)
at org.testng.internal.TestInvoker.invokeTestMethod(TestInvoker.java:173)
at org.testng.internal.MethodRunner.runInSequence(MethodRunner.java:46)
at org.testng.internal.TestInvoker$MethodInvocationAgent.invoke(TestInvoker.java:816)
at org.testng.internal.TestInvoker.invokeTestMethods(TestInvoker.java:146)
at org.testng.internal.TestMethodWorker.invokeTestMethods(TestMethodWorker.java:146)
at org.testng.internal.TestMethodWorker.run(TestMethodWorker.java:128)
at java.util.ArrayList.forEach(ArrayList.java:1259)
at org.testng.TestRunner.privateRun(TestRunner.java:766)
at org.testng.TestRunner.run(TestRunner.java:587)
at org.testng.SuiteRunner.runTest(SuiteRunner.java:384)
at org.testng.SuiteRunner.runSequentially(SuiteRunner.java:378)
at org.testng.SuiteRunner.privateRun(SuiteRunner.java:337)
at org.testng.SuiteRunner.run(SuiteRunner.java:286)
at org.testng.SuiteRunnerWorker.runSuite(SuiteRunnerWorker.java:53)
at org.testng.SuiteRunnerWorker.run(SuiteRunnerWorker.java:96)
at org.testng.TestNG.runSuitesSequentially(TestNG.java:1187)
at org.testng.TestNG.runSuitesLocally(TestNG.java:1109)
at org.testng.TestNG.runSuites(TestNG.java:1039)
at org.testng.TestNG.run(TestNG.java:1007)
at org.testng.remote.AbstractRemoteTestNG.run(AbstractRemoteTestNG.java:115)
at org.testng.remote.RemoteTestNG.initAndRun(RemoteTestNG.java:251)
at org.testng.remote.RemoteTestNG.main(RemoteTestNG.java:77)
]]>
            </full-stacktrace>
          </exception> <!-- java.lang.AssertionError -->
          <reporter-output>
          </reporter-output>
        </test-method> <!-- bookmarkTest -->
        <test-method status="PASS" signature="closeDriver()[pri:0, instance:com.kitalulus.bookmarkLove@68bbe345]" name="closeDriver" is-config="true" duration-ms="4295" started-at="2022-07-27T11:43:57 ICT" finished-at="2022-07-27T11:44:01 ICT">
          <reporter-output>
          </reporter-output>
        </test-method> <!-- closeDriver -->
      </class> <!-- com.kitalulus.bookmarkLove -->
    </test> <!-- Default test -->
  </suite> <!-- Default suite -->
</testng-results>
