<?xml version="1.0" encoding="UTF-8"?>
<!-- Generated by org.testng.reporters.JUnitReportReporter -->
<testsuite skipped="0" hostname="Desta" name="runner.RunnerData" tests="10" failures="1" timestamp="2022-08-07T13:28:51 ICT" time="175.930" errors="0">
  <testcase name="runScenario" time="20.511" classname="runner.RunnerData"/>
  <system-out/>
  <testcase name="runScenario" time="15.070" classname="runner.RunnerData"/>
  <system-out/>
  <testcase name="runScenario" time="19.536" classname="runner.RunnerData"/>
  <system-out/>
  <testcase name="runScenario" time="12.167" classname="runner.RunnerData"/>
  <system-out/>
  <testcase name="runScenario" time="18.146" classname="runner.RunnerData"/>
  <system-out/>
  <testcase name="runScenario" time="20.543" classname="runner.RunnerData"/>
  <system-out/>
  <testcase name="runScenario" time="14.135" classname="runner.RunnerData"/>
  <system-out/>
  <testcase name="runScenario" time="21.023" classname="runner.RunnerData"/>
  <system-out/>
  <testcase name="runScenario" time="14.159" classname="runner.RunnerData">
    <failure type="java.lang.AssertionError" message="expected [] but found [Berhasil]">
      <![CDATA[java.lang.AssertionError: expected [] but found [Berhasil]
at org.testng.Assert.fail(Assert.java:97)
at org.testng.Assert.assertEqualsImpl(Assert.java:136)
at org.testng.Assert.assertEquals(Assert.java:118)
at org.testng.Assert.assertEquals(Assert.java:575)
at org.testng.Assert.assertEquals(Assert.java:585)
at definitionData.EditData.user_see_data_changed_successfully(EditData.java:201)
at âœ½.User see data changed successfully(file:///C:/Users/ASUS/Desktop/Quality%20Assurance/SQA%20Project/SQA-KerjaPraktek/src/test/resources/DataFeatureFiles/editData.feature:12)
]]>
    </failure>
  </testcase> <!-- runScenario -->
  <system-out/>
  <testcase name="runScenario" time="20.640" classname="runner.RunnerData"/>
  <system-out/>
</testsuite> <!-- runner.RunnerData -->
